<?xml version="1.0" encoding="UTF-8"?>
<testsuite name="com.jobboard.service.JobBoardApplicationTests" tests="1" skipped="0" failures="0" errors="0" timestamp="2025-01-05T20:28:06" hostname="Airiks-MBP" time="0.731">
  <properties/>
  <testcase name="contextLoads()" classname="com.jobboard.service.JobBoardApplicationTests" time="0.731"/>
  <system-out><![CDATA[14:28:01.037 [Test worker] INFO org.springframework.test.context.support.AnnotationConfigContextLoaderUtils -- Could not detect default configuration classes for test class [com.jobboard.service.JobBoardApplicationTests]: JobBoardApplicationTests does not declare any static, non-private, non-final, nested classes annotated with @Configuration.
14:28:01.157 [Test worker] INFO org.springframework.boot.test.context.SpringBootTestContextBootstrapper -- Found @SpringBootConfiguration com.jobboard.service.JobBoardApplication for test class com.jobboard.service.JobBoardApplicationTests

  .   ____          _            __ _ _
 /\\ / ___'_ __ _ _(_)_ __  __ _ \ \ \ \
( ( )\___ | '_ | '_| | '_ \/ _` | \ \ \ \
 \\/  ___)| |_)| | | | | || (_| |  ) ) ) )
  '  |____| .__|_| |_|_| |_\__, | / / / /
 =========|_|==============|___/=/_/_/_/

 :: Spring Boot ::                (v3.3.5)

2025-01-05T14:28:01.616-06:00  INFO 97513 --- [jobboard] [    Test worker] c.j.service.JobBoardApplicationTests     : Starting JobBoardApplicationTests using Java 20.0.1 with PID 97513 (started by airik in /Users/airik/ws/job-board)
2025-01-05T14:28:01.619-06:00  INFO 97513 --- [jobboard] [    Test worker] c.j.service.JobBoardApplicationTests     : No active profile set, falling back to 1 default profile: "default"
2025-01-05T14:28:02.337-06:00  INFO 97513 --- [jobboard] [    Test worker] .s.d.r.c.RepositoryConfigurationDelegate : Bootstrapping Spring Data JPA repositories in DEFAULT mode.
2025-01-05T14:28:02.391-06:00  INFO 97513 --- [jobboard] [    Test worker] .s.d.r.c.RepositoryConfigurationDelegate : Finished Spring Data repository scanning in 46 ms. Found 2 JPA repository interfaces.
2025-01-05T14:28:02.868-06:00  INFO 97513 --- [jobboard] [    Test worker] o.hibernate.jpa.internal.util.LogHelper  : HHH000204: Processing PersistenceUnitInfo [name: default]
2025-01-05T14:28:02.927-06:00  INFO 97513 --- [jobboard] [    Test worker] org.hibernate.Version                    : HHH000412: Hibernate ORM core version 6.5.3.Final
2025-01-05T14:28:02.962-06:00  INFO 97513 --- [jobboard] [    Test worker] o.h.c.internal.RegionFactoryInitiator    : HHH000026: Second-level cache disabled
2025-01-05T14:28:03.299-06:00  INFO 97513 --- [jobboard] [    Test worker] o.s.o.j.p.SpringPersistenceUnitInfo      : No LoadTimeWeaver setup: ignoring JPA class transformer
2025-01-05T14:28:03.329-06:00  INFO 97513 --- [jobboard] [    Test worker] com.zaxxer.hikari.HikariDataSource       : HikariPool-1 - Starting...
2025-01-05T14:28:03.552-06:00  INFO 97513 --- [jobboard] [    Test worker] com.zaxxer.hikari.pool.HikariPool        : HikariPool-1 - Added connection org.postgresql.jdbc.PgConnection@7757a37f
2025-01-05T14:28:03.554-06:00  INFO 97513 --- [jobboard] [    Test worker] com.zaxxer.hikari.HikariDataSource       : HikariPool-1 - Start completed.
2025-01-05T14:28:04.671-06:00  INFO 97513 --- [jobboard] [    Test worker] o.h.e.t.j.p.i.JtaPlatformInitiator       : HHH000489: No JTA platform available (set 'hibernate.transaction.jta.platform' to enable JTA platform integration)
2025-01-05T14:28:04.740-06:00  INFO 97513 --- [jobboard] [    Test worker] j.LocalContainerEntityManagerFactoryBean : Initialized JPA EntityManagerFactory for persistence unit 'default'
2025-01-05T14:28:05.006-06:00  INFO 97513 --- [jobboard] [    Test worker] o.s.d.j.r.query.QueryEnhancerFactory     : Hibernate is in classpath; If applicable, HQL parser will be used.
2025-01-05T14:28:05.461-06:00  WARN 97513 --- [jobboard] [    Test worker] JpaBaseConfiguration$JpaWebConfiguration : spring.jpa.open-in-view is enabled by default. Therefore, database queries may be performed during view rendering. Explicitly configure spring.jpa.open-in-view to disable this warning
2025-01-05T14:28:06.023-06:00  INFO 97513 --- [jobboard] [    Test worker] c.j.service.JobBoardApplicationTests     : Started JobBoardApplicationTests in 4.699 seconds (process running for 6.245)
]]></system-out>
  <system-err><![CDATA[]]></system-err>
</testsuite>
